1702334026.583406 client started (15871): version 3.2a, socket /tmp/tmux-1000/default, protocol 8
1702334026.583436 on Linux 6.2.0-1018-azure #18~22.04.1-Ubuntu SMP Tue Nov 21 19:25:02 UTC 2023
1702334026.583441 using libevent 2.1.12-stable (poll); ncurses 6.3
1702334026.583460 flags are 0x10010000
1702334026.583464 socket is /tmp/tmux-1000/default
1702334026.583478 trying connect
1702334026.583558 add peer 0x564a7bed3500: 6 ((nil))
1702334026.583815 sending message 100 to peer 0x564a7bed3500 (4 bytes)
1702334026.583821 sending message 111 to peer 0x564a7bed3500 (8 bytes)
1702334026.583825 sending message 101 to peer 0x564a7bed3500 (16 bytes)
1702334026.583828 sending message 109 to peer 0x564a7bed3500 (4 bytes)
1702334026.583832 sending message 102 to peer 0x564a7bed3500 (11 bytes)
1702334026.583835 sending message 108 to peer 0x564a7bed3500 (37 bytes)
1702334026.583838 sending message 112 to peer 0x564a7bed3500 (70 bytes)
1702334026.583842 sending message 112 to peer 0x564a7bed3500 (5 bytes)
1702334026.583845 sending message 112 to peer 0x564a7bed3500 (5 bytes)
1702334026.583849 sending message 112 to peer 0x564a7bed3500 (6 bytes)
1702334026.583852 sending message 112 to peer 0x564a7bed3500 (6 bytes)
1702334026.583855 sending message 112 to peer 0x564a7bed3500 (11 bytes)
1702334026.583858 sending message 112 to peer 0x564a7bed3500 (10 bytes)
1702334026.583861 sending message 112 to peer 0x564a7bed3500 (13 bytes)
1702334026.583865 sending message 112 to peer 0x564a7bed3500 (13 bytes)
1702334026.583868 sending message 112 to peer 0x564a7bed3500 (18 bytes)
1702334026.583872 sending message 112 to peer 0x564a7bed3500 (11 bytes)
1702334026.583875 sending message 112 to peer 0x564a7bed3500 (21 bytes)
1702334026.583878 sending message 112 to peer 0x564a7bed3500 (13 bytes)
1702334026.583882 sending message 112 to peer 0x564a7bed3500 (7 bytes)
1702334026.583885 sending message 112 to peer 0x564a7bed3500 (13 bytes)
1702334026.583889 sending message 112 to peer 0x564a7bed3500 (7 bytes)
1702334026.583892 sending message 112 to peer 0x564a7bed3500 (13 bytes)
1702334026.583895 sending message 112 to peer 0x564a7bed3500 (9 bytes)
1702334026.583898 sending message 112 to peer 0x564a7bed3500 (21 bytes)
1702334026.583902 sending message 112 to peer 0x564a7bed3500 (13 bytes)
1702334026.583905 sending message 112 to peer 0x564a7bed3500 (8 bytes)
1702334026.583908 sending message 112 to peer 0x564a7bed3500 (12 bytes)
1702334026.583912 sending message 112 to peer 0x564a7bed3500 (13 bytes)
1702334026.583915 sending message 112 to peer 0x564a7bed3500 (9 bytes)
1702334026.583918 sending message 112 to peer 0x564a7bed3500 (9 bytes)
1702334026.583921 sending message 112 to peer 0x564a7bed3500 (12 bytes)
1702334026.583925 sending message 112 to peer 0x564a7bed3500 (8 bytes)
1702334026.583928 sending message 112 to peer 0x564a7bed3500 (7 bytes)
1702334026.583931 sending message 112 to peer 0x564a7bed3500 (7 bytes)
1702334026.583934 sending message 112 to peer 0x564a7bed3500 (9 bytes)
1702334026.583937 sending message 112 to peer 0x564a7bed3500 (13 bytes)
1702334026.583941 sending message 112 to peer 0x564a7bed3500 (9 bytes)
1702334026.583944 sending message 112 to peer 0x564a7bed3500 (15 bytes)
1702334026.583947 sending message 112 to peer 0x564a7bed3500 (13 bytes)
1702334026.583950 sending message 112 to peer 0x564a7bed3500 (12 bytes)
1702334026.583953 sending message 112 to peer 0x564a7bed3500 (8 bytes)
1702334026.583957 sending message 112 to peer 0x564a7bed3500 (14 bytes)
1702334026.583960 sending message 112 to peer 0x564a7bed3500 (9 bytes)
1702334026.583963 sending message 112 to peer 0x564a7bed3500 (10 bytes)
1702334026.583966 sending message 112 to peer 0x564a7bed3500 (10 bytes)
1702334026.583970 sending message 112 to peer 0x564a7bed3500 (10 bytes)
1702334026.583973 sending message 112 to peer 0x564a7bed3500 (10 bytes)
1702334026.583976 sending message 112 to peer 0x564a7bed3500 (11 bytes)
1702334026.583980 sending message 112 to peer 0x564a7bed3500 (10 bytes)
1702334026.583983 sending message 112 to peer 0x564a7bed3500 (8 bytes)
1702334026.583986 sending message 112 to peer 0x564a7bed3500 (11 bytes)
1702334026.583997 sending message 112 to peer 0x564a7bed3500 (11 bytes)
1702334026.584001 sending message 112 to peer 0x564a7bed3500 (11 bytes)
1702334026.584004 sending message 112 to peer 0x564a7bed3500 (8 bytes)
1702334026.584007 sending message 112 to peer 0x564a7bed3500 (8 bytes)
1702334026.584011 sending message 112 to peer 0x564a7bed3500 (8 bytes)
1702334026.584014 sending message 112 to peer 0x564a7bed3500 (10 bytes)
1702334026.584017 sending message 112 to peer 0x564a7bed3500 (10 bytes)
1702334026.584020 sending message 112 to peer 0x564a7bed3500 (10 bytes)
1702334026.584023 sending message 112 to peer 0x564a7bed3500 (10 bytes)
1702334026.584027 sending message 112 to peer 0x564a7bed3500 (10 bytes)
1702334026.584030 sending message 112 to peer 0x564a7bed3500 (11 bytes)
1702334026.584033 sending message 112 to peer 0x564a7bed3500 (11 bytes)
1702334026.584037 sending message 112 to peer 0x564a7bed3500 (10 bytes)
1702334026.584040 sending message 112 to peer 0x564a7bed3500 (9 bytes)
1702334026.584044 sending message 112 to peer 0x564a7bed3500 (9 bytes)
1702334026.584047 sending message 112 to peer 0x564a7bed3500 (12 bytes)
1702334026.584050 sending message 112 to peer 0x564a7bed3500 (9 bytes)
1702334026.584053 sending message 112 to peer 0x564a7bed3500 (6 bytes)
1702334026.584057 sending message 112 to peer 0x564a7bed3500 (13 bytes)
1702334026.584060 sending message 112 to peer 0x564a7bed3500 (8 bytes)
1702334026.584063 sending message 112 to peer 0x564a7bed3500 (15 bytes)
1702334026.584066 sending message 112 to peer 0x564a7bed3500 (13 bytes)
1702334026.584070 sending message 112 to peer 0x564a7bed3500 (70 bytes)
1702334026.584073 sending message 112 to peer 0x564a7bed3500 (69 bytes)
1702334026.584076 sending message 112 to peer 0x564a7bed3500 (10 bytes)
1702334026.584080 sending message 112 to peer 0x564a7bed3500 (8 bytes)
1702334026.584083 sending message 112 to peer 0x564a7bed3500 (15 bytes)
1702334026.584086 sending message 112 to peer 0x564a7bed3500 (13 bytes)
1702334026.584090 sending message 112 to peer 0x564a7bed3500 (10 bytes)
1702334026.584093 sending message 112 to peer 0x564a7bed3500 (10 bytes)
1702334026.584096 sending message 112 to peer 0x564a7bed3500 (5 bytes)
1702334026.584099 sending message 112 to peer 0x564a7bed3500 (15 bytes)
1702334026.584103 sending message 104 to peer 0x564a7bed3500 (0 bytes)
1702334026.584107 sending message 110 to peer 0x564a7bed3500 (0 bytes)
1702334026.584111 sending message 107 to peer 0x564a7bed3500 (4 bytes)
1702334026.584115 sending message 105 to peer 0x564a7bed3500 (16 bytes)
1702334026.584118 sending message 105 to peer 0x564a7bed3500 (26 bytes)
1702334026.584121 sending message 105 to peer 0x564a7bed3500 (36 bytes)
1702334026.584125 sending message 105 to peer 0x564a7bed3500 (67 bytes)
1702334026.584128 sending message 105 to peer 0x564a7bed3500 (41 bytes)
1702334026.584131 sending message 105 to peer 0x564a7bed3500 (19 bytes)
1702334026.584134 sending message 105 to peer 0x564a7bed3500 (21 bytes)
1702334026.584138 sending message 105 to peer 0x564a7bed3500 (15 bytes)
1702334026.584141 sending message 105 to peer 0x564a7bed3500 (22 bytes)
1702334026.584144 sending message 105 to peer 0x564a7bed3500 (13 bytes)
1702334026.584148 sending message 105 to peer 0x564a7bed3500 (1519 bytes)
1702334026.584160 sending message 105 to peer 0x564a7bed3500 (47 bytes)
1702334026.584164 sending message 105 to peer 0x564a7bed3500 (30 bytes)
1702334026.584167 sending message 105 to peer 0x564a7bed3500 (16 bytes)
1702334026.584170 sending message 105 to peer 0x564a7bed3500 (34 bytes)
1702334026.584174 sending message 105 to peer 0x564a7bed3500 (23 bytes)
1702334026.584177 sending message 105 to peer 0x564a7bed3500 (21 bytes)
1702334026.584180 sending message 105 to peer 0x564a7bed3500 (32 bytes)
1702334026.584183 sending message 105 to peer 0x564a7bed3500 (16 bytes)
1702334026.584187 sending message 105 to peer 0x564a7bed3500 (13 bytes)
1702334026.584190 sending message 105 to peer 0x564a7bed3500 (8 bytes)
1702334026.584193 sending message 105 to peer 0x564a7bed3500 (18 bytes)
1702334026.584200 sending message 105 to peer 0x564a7bed3500 (31 bytes)
1702334026.584204 sending message 105 to peer 0x564a7bed3500 (31 bytes)
1702334026.584207 sending message 105 to peer 0x564a7bed3500 (65 bytes)
1702334026.584210 sending message 105 to peer 0x564a7bed3500 (364 bytes)
1702334026.584214 sending message 105 to peer 0x564a7bed3500 (54 bytes)
1702334026.584217 sending message 105 to peer 0x564a7bed3500 (19 bytes)
1702334026.584220 sending message 105 to peer 0x564a7bed3500 (24 bytes)
1702334026.584224 sending message 105 to peer 0x564a7bed3500 (18 bytes)
1702334026.584227 sending message 105 to peer 0x564a7bed3500 (16 bytes)
1702334026.584230 sending message 106 to peer 0x564a7bed3500 (0 bytes)
1702334026.584235 sending message 200 to peer 0x564a7bed3500 (4 bytes)
1702334026.584239 client loop enter
1702334026.584633 peer 0x564a7bed3500 message 303
1702334026.584644 open write file 2 -
1702334026.584654 sending message 305 to peer 0x564a7bed3500 (8 bytes)
1702334026.584670 write check file 2
1702334026.584776 peer 0x564a7bed3500 message 304
1702334026.584780 write 58 to file 2
1702334026.584785 peer 0x564a7bed3500 message 203
1702334026.584788 file 2 58 bytes left
1702334026.584807 write check file 2
1702334026.584810 client loop exit
